2024-10-27 05:02:21,938 [ERROR] ConfigurationRetriever:142 - IOException on connection: sw-center.st.com
2024-10-27 05:02:21,946 [ERROR] ConfigurationRetriever:142 - IOException on connection: sw-center.st.com
2024-10-27 05:02:21,950 [ERROR] ConfigurationRetriever:142 - IOException on connection: sw-center.st.com
2024-10-27 05:02:29,683 [ERROR] LogOutputStream:75 - [STDERR_REDIRECT] Oct 27, 2024 5:02:29 AM java.util.prefs.FileSystemPreferences checkLockFile0ErrorCode
2024-10-27 05:02:29,684 [ERROR] LogOutputStream:75 - [STDERR_REDIRECT] WARNING: Could not lock System prefs. Unix error code 2.
2024-10-27 05:02:29,684 [ERROR] LogOutputStream:75 - [STDERR_REDIRECT] 
2024-10-27 05:02:29,685 [ERROR] LogOutputStream:75 - [STDERR_REDIRECT] Oct 27, 2024 5:02:29 AM java.util.prefs.FileSystemPreferences syncWorld
2024-10-27 05:02:29,686 [ERROR] LogOutputStream:75 - [STDERR_REDIRECT] WARNING: Couldn't flush system prefs: java.util.prefs.BackingStoreException: Couldn't get file lock.
2024-10-27 05:02:29,686 [ERROR] LogOutputStream:75 - [STDERR_REDIRECT] 
2024-10-27 05:02:59,678 [ERROR] LogOutputStream:75 - [STDERR_REDIRECT] Oct 27, 2024 5:02:59 AM java.util.prefs.FileSystemPreferences checkLockFile0ErrorCode
2024-10-27 05:02:59,678 [ERROR] LogOutputStream:75 - [STDERR_REDIRECT] WARNING: Could not lock System prefs. Unix error code 2.
2024-10-27 05:02:59,678 [ERROR] LogOutputStream:75 - [STDERR_REDIRECT] 
2024-10-27 05:02:59,679 [ERROR] LogOutputStream:75 - [STDERR_REDIRECT] Oct 27, 2024 5:02:59 AM java.util.prefs.FileSystemPreferences syncWorld
2024-10-27 05:02:59,679 [ERROR] LogOutputStream:75 - [STDERR_REDIRECT] WARNING: Couldn't flush system prefs: java.util.prefs.BackingStoreException: Couldn't get file lock.
2024-10-27 05:02:59,679 [ERROR] LogOutputStream:75 - [STDERR_REDIRECT] 
2024-10-27 05:03:35,314 [ERROR] LogOutputStream:75 - [STDERR_REDIRECT] Oct 27, 2024 5:03:35 AM java.util.prefs.FileSystemPreferences checkLockFile0ErrorCode
2024-10-27 05:03:35,315 [ERROR] LogOutputStream:75 - [STDERR_REDIRECT] WARNING: Could not lock System prefs. Unix error code 2.
2024-10-27 05:03:35,316 [ERROR] LogOutputStream:75 - [STDERR_REDIRECT] 
2024-10-27 05:03:35,317 [ERROR] LogOutputStream:75 - [STDERR_REDIRECT] Oct 27, 2024 5:03:35 AM java.util.prefs.FileSystemPreferences syncWorld
2024-10-27 05:03:35,318 [ERROR] LogOutputStream:75 - [STDERR_REDIRECT] WARNING: Couldn't flush system prefs: java.util.prefs.BackingStoreException: Couldn't get file lock.
2024-10-27 05:03:35,318 [ERROR] LogOutputStream:75 - [STDERR_REDIRECT] 
2024-10-27 05:04:05,315 [ERROR] LogOutputStream:75 - [STDERR_REDIRECT] Oct 27, 2024 5:04:05 AM java.util.prefs.FileSystemPreferences checkLockFile0ErrorCode
2024-10-27 05:04:05,316 [ERROR] LogOutputStream:75 - [STDERR_REDIRECT] WARNING: Could not lock System prefs. Unix error code 2.
2024-10-27 05:04:05,316 [ERROR] LogOutputStream:75 - [STDERR_REDIRECT] 
2024-10-27 05:04:05,317 [ERROR] LogOutputStream:75 - [STDERR_REDIRECT] Oct 27, 2024 5:04:05 AM java.util.prefs.FileSystemPreferences syncWorld
2024-10-27 05:04:05,317 [ERROR] LogOutputStream:75 - [STDERR_REDIRECT] WARNING: Couldn't flush system prefs: java.util.prefs.BackingStoreException: Couldn't get file lock.
2024-10-27 05:04:05,317 [ERROR] LogOutputStream:75 - [STDERR_REDIRECT] 
2024-10-27 05:04:35,313 [ERROR] LogOutputStream:75 - [STDERR_REDIRECT] Oct 27, 2024 5:04:35 AM java.util.prefs.FileSystemPreferences checkLockFile0ErrorCode
2024-10-27 05:04:35,313 [ERROR] LogOutputStream:75 - [STDERR_REDIRECT] WARNING: Could not lock System prefs. Unix error code 2.
2024-10-27 05:04:35,314 [ERROR] LogOutputStream:75 - [STDERR_REDIRECT] 
2024-10-27 05:04:35,314 [ERROR] LogOutputStream:75 - [STDERR_REDIRECT] Oct 27, 2024 5:04:35 AM java.util.prefs.FileSystemPreferences syncWorld
2024-10-27 05:04:35,315 [ERROR] LogOutputStream:75 - [STDERR_REDIRECT] WARNING: Couldn't flush system prefs: java.util.prefs.BackingStoreException: Couldn't get file lock.
2024-10-27 05:04:35,315 [ERROR] LogOutputStream:75 - [STDERR_REDIRECT] 
2024-10-27 05:05:05,313 [ERROR] LogOutputStream:75 - [STDERR_REDIRECT] Oct 27, 2024 5:05:05 AM java.util.prefs.FileSystemPreferences checkLockFile0ErrorCode
2024-10-27 05:05:05,314 [ERROR] LogOutputStream:75 - [STDERR_REDIRECT] WARNING: Could not lock System prefs. Unix error code 2.
2024-10-27 05:05:05,314 [ERROR] LogOutputStream:75 - [STDERR_REDIRECT] 
2024-10-27 05:05:05,315 [ERROR] LogOutputStream:75 - [STDERR_REDIRECT] Oct 27, 2024 5:05:05 AM java.util.prefs.FileSystemPreferences syncWorld
2024-10-27 05:05:05,315 [ERROR] LogOutputStream:75 - [STDERR_REDIRECT] WARNING: Couldn't flush system prefs: java.util.prefs.BackingStoreException: Couldn't get file lock.
2024-10-27 05:05:05,315 [ERROR] LogOutputStream:75 - [STDERR_REDIRECT] 
2024-10-27 05:05:35,314 [ERROR] LogOutputStream:75 - [STDERR_REDIRECT] Oct 27, 2024 5:05:35 AM java.util.prefs.FileSystemPreferences checkLockFile0ErrorCode
2024-10-27 05:05:35,314 [ERROR] LogOutputStream:75 - [STDERR_REDIRECT] WARNING: Could not lock System prefs. Unix error code 2.
2024-10-27 05:05:35,314 [ERROR] LogOutputStream:75 - [STDERR_REDIRECT] 
2024-10-27 05:05:35,315 [ERROR] LogOutputStream:75 - [STDERR_REDIRECT] Oct 27, 2024 5:05:35 AM java.util.prefs.FileSystemPreferences syncWorld
2024-10-27 05:05:35,315 [ERROR] LogOutputStream:75 - [STDERR_REDIRECT] WARNING: Couldn't flush system prefs: java.util.prefs.BackingStoreException: Couldn't get file lock.
2024-10-27 05:05:35,315 [ERROR] LogOutputStream:75 - [STDERR_REDIRECT] 
2024-10-27 05:06:05,314 [ERROR] LogOutputStream:75 - [STDERR_REDIRECT] Oct 27, 2024 5:06:05 AM java.util.prefs.FileSystemPreferences checkLockFile0ErrorCode
2024-10-27 05:06:05,314 [ERROR] LogOutputStream:75 - [STDERR_REDIRECT] WARNING: Could not lock System prefs. Unix error code 2.
2024-10-27 05:06:05,315 [ERROR] LogOutputStream:75 - [STDERR_REDIRECT] 
2024-10-27 05:06:05,315 [ERROR] LogOutputStream:75 - [STDERR_REDIRECT] Oct 27, 2024 5:06:05 AM java.util.prefs.FileSystemPreferences syncWorld
2024-10-27 05:06:05,316 [ERROR] LogOutputStream:75 - [STDERR_REDIRECT] WARNING: Couldn't flush system prefs: java.util.prefs.BackingStoreException: Couldn't get file lock.
2024-10-27 05:06:05,316 [ERROR] LogOutputStream:75 - [STDERR_REDIRECT] 
2024-10-27 05:06:35,315 [ERROR] LogOutputStream:75 - [STDERR_REDIRECT] Oct 27, 2024 5:06:35 AM java.util.prefs.FileSystemPreferences checkLockFile0ErrorCode
2024-10-27 05:06:35,315 [ERROR] LogOutputStream:75 - [STDERR_REDIRECT] WARNING: Could not lock System prefs. Unix error code 2.
2024-10-27 05:06:35,315 [ERROR] LogOutputStream:75 - [STDERR_REDIRECT] 
2024-10-27 05:06:35,316 [ERROR] LogOutputStream:75 - [STDERR_REDIRECT] Oct 27, 2024 5:06:35 AM java.util.prefs.FileSystemPreferences syncWorld
2024-10-27 05:06:35,316 [ERROR] LogOutputStream:75 - [STDERR_REDIRECT] WARNING: Couldn't flush system prefs: java.util.prefs.BackingStoreException: Couldn't get file lock.
2024-10-27 05:06:35,316 [ERROR] LogOutputStream:75 - [STDERR_REDIRECT] 
2024-10-27 05:07:05,315 [ERROR] LogOutputStream:75 - [STDERR_REDIRECT] Oct 27, 2024 5:07:05 AM java.util.prefs.FileSystemPreferences checkLockFile0ErrorCode
2024-10-27 05:07:05,315 [ERROR] LogOutputStream:75 - [STDERR_REDIRECT] WARNING: Could not lock System prefs. Unix error code 2.
2024-10-27 05:07:05,316 [ERROR] LogOutputStream:75 - [STDERR_REDIRECT] 
2024-10-27 05:07:05,316 [ERROR] LogOutputStream:75 - [STDERR_REDIRECT] Oct 27, 2024 5:07:05 AM java.util.prefs.FileSystemPreferences syncWorld
2024-10-27 05:07:05,317 [ERROR] LogOutputStream:75 - [STDERR_REDIRECT] WARNING: Couldn't flush system prefs: java.util.prefs.BackingStoreException: Couldn't get file lock.
2024-10-27 05:07:05,317 [ERROR] LogOutputStream:75 - [STDERR_REDIRECT] 
2024-10-27 05:07:35,315 [ERROR] LogOutputStream:75 - [STDERR_REDIRECT] Oct 27, 2024 5:07:35 AM java.util.prefs.FileSystemPreferences checkLockFile0ErrorCode
2024-10-27 05:07:35,316 [ERROR] LogOutputStream:75 - [STDERR_REDIRECT] WARNING: Could not lock System prefs. Unix error code 2.
2024-10-27 05:07:35,316 [ERROR] LogOutputStream:75 - [STDERR_REDIRECT] 
2024-10-27 05:07:35,317 [ERROR] LogOutputStream:75 - [STDERR_REDIRECT] Oct 27, 2024 5:07:35 AM java.util.prefs.FileSystemPreferences syncWorld
2024-10-27 05:07:35,317 [ERROR] LogOutputStream:75 - [STDERR_REDIRECT] WARNING: Couldn't flush system prefs: java.util.prefs.BackingStoreException: Couldn't get file lock.
2024-10-27 05:07:35,317 [ERROR] LogOutputStream:75 - [STDERR_REDIRECT] 
2024-10-27 05:07:36,471 [ERROR] LogOutputStream:75 - [STDERR_REDIRECT] 
2024-10-27 05:07:36,476 [ERROR] LogOutputStream:75 - [STDERR_REDIRECT] 
